<?xml version="1.0" encoding="UTF-8"?>
<testsuite name="org.example.ChessTest" tests="1" skipped="0" failures="0" errors="0" timestamp="2023-05-14T11:29:15" hostname="SHADE" time="0.497">
  <properties/>
  <testcase name="testAll()" classname="org.example.ChessTest" time="0.497"/>
  <system-out><![CDATA[]]></system-out>
  <system-err><![CDATA[]]></system-err>
</testsuite>
